  [1m[35m (197.4ms)[0m  [1m[35mCREATE DATABASE "hoopsbnb_development" ENCODING = 'unicode'[0m
  ↳ bin/rails:9
  [1m[35m (172.9ms)[0m  [1m[35mCREATE DATABASE "hoopsbnb_test" ENCODING = 'unicode'[0m
  ↳ bin/rails:9
  [1m[35m (35.9ms)[0m  [1m[35mCREATE TABLE "schema_migrations" ("version" character varying NOT NULL PRIMARY KEY)[0m
  ↳ bin/rails:9
  [1m[35m (5.6ms)[0m  [1m[35mCREATE TABLE "ar_internal_metadata" ("key" character varying NOT NULL PRIMARY KEY, "value" character varying, "created_at" timestamp NOT NULL, "updated_at" timestamp NOT NULL)[0m
  ↳ bin/rails:9
  [1m[35m (1.9ms)[0m  [1m[34mSELECT pg_try_advisory_lock(1665509381006084145)[0m
  ↳ bin/rails:9
  [1m[35m (0.7ms)[0m  [1m[34mSELECT "schema_migrations"."version" FROM "schema_migrations" ORDER BY "schema_migrations"."version" ASC[0m
  ↳ bin/rails:9
Migrating to CreateUsers (20200404220629)
  [1m[35m (4.6ms)[0m  [1m[35mBEGIN[0m
  ↳ bin/rails:9
  [1m[35m (26.1ms)[0m  [1m[35mCREATE TABLE "users" ("id" bigserial primary key, "username" character varying NOT NULL, "session_token" character varying NOT NULL, "password_digest" character varying NOT NULL, "email" character varying NOT NULL, "first_name" character varying NOT NULL, "last_name" character varying NOT NULL, "created_at" timestamp NOT NULL, "updated_at" timestamp NOT NULL)[0m
  ↳ db/migrate/20200404220629_create_users.rb:3
  [1m[35m (6.6ms)[0m  [1m[31mROLLBACK[0m
  ↳ bin/rails:9
  [1m[35m (0.3ms)[0m  [1m[34mSELECT pg_advisory_unlock(1665509381006084145)[0m
  ↳ bin/rails:9
  [1m[35m (0.2ms)[0m  [1m[34mSELECT pg_try_advisory_lock(1665509381006084145)[0m
  ↳ bin/rails:9
  [1m[35m (1.1ms)[0m  [1m[34mSELECT "schema_migrations"."version" FROM "schema_migrations" ORDER BY "schema_migrations"."version" ASC[0m
  ↳ bin/rails:9
Migrating to CreateUsers (20200404220629)
  [1m[35m (0.1ms)[0m  [1m[35mBEGIN[0m
  ↳ bin/rails:9
  [1m[35m (10.4ms)[0m  [1m[35mCREATE TABLE "users" ("id" bigserial primary key, "username" character varying NOT NULL, "session_token" character varying NOT NULL, "password_digest" character varying NOT NULL, "email" character varying NOT NULL, "first_name" character varying NOT NULL, "last_name" character varying NOT NULL, "created_at" timestamp NOT NULL, "updated_at" timestamp NOT NULL)[0m
  ↳ db/migrate/20200404220629_create_users.rb:3
  [1m[35m (2.0ms)[0m  [1m[35mCREATE UNIQUE INDEX  "index_users_on_username" ON "users"  ("username")[0m
  ↳ db/migrate/20200404220629_create_users.rb:14
  [1m[35m (1.7ms)[0m  [1m[35mCREATE UNIQUE INDEX  "index_users_on_session_token" ON "users"  ("session_token")[0m
  ↳ db/migrate/20200404220629_create_users.rb:15
  [1m[35m (1.7ms)[0m  [1m[31mROLLBACK[0m
  ↳ bin/rails:9
  [1m[35m (0.4ms)[0m  [1m[34mSELECT pg_advisory_unlock(1665509381006084145)[0m
  ↳ bin/rails:9
  [1m[35m (0.2ms)[0m  [1m[34mSELECT pg_try_advisory_lock(1665509381006084145)[0m
  ↳ bin/rails:9
  [1m[35m (0.7ms)[0m  [1m[34mSELECT "schema_migrations"."version" FROM "schema_migrations" ORDER BY "schema_migrations"."version" ASC[0m
  ↳ bin/rails:9
Migrating to CreateUsers (20200404220629)
  [1m[35m (0.1ms)[0m  [1m[35mBEGIN[0m
  ↳ bin/rails:9
  [1m[35m (10.6ms)[0m  [1m[35mCREATE TABLE "users" ("id" bigserial primary key, "username" character varying NOT NULL, "session_token" character varying NOT NULL, "password_digest" character varying NOT NULL, "email" character varying NOT NULL, "first_name" character varying NOT NULL, "last_name" character varying NOT NULL, "created_at" timestamp NOT NULL, "updated_at" timestamp NOT NULL)[0m
  ↳ db/migrate/20200404220629_create_users.rb:3
  [1m[35m (1.3ms)[0m  [1m[35mCREATE UNIQUE INDEX  "index_users_on_username" ON "users"  ("username")[0m
  ↳ db/migrate/20200404220629_create_users.rb:14
  [1m[35m (1.5ms)[0m  [1m[35mCREATE UNIQUE INDEX  "index_users_on_session_token" ON "users"  ("session_token")[0m
  ↳ db/migrate/20200404220629_create_users.rb:15
  [1m[35m (1.1ms)[0m  [1m[35mCREATE UNIQUE INDEX  "index_users_on_email" ON "users"  ("email")[0m
  ↳ db/migrate/20200404220629_create_users.rb:16
  [1m[36mActiveRecord::SchemaMigration Create (4.8ms)[0m  [1m[32mINSERT INTO "schema_migrations" ("version") VALUES ($1) RETURNING "version"[0m  [["version", "20200404220629"]]
  ↳ bin/rails:9
  [1m[35m (0.9ms)[0m  [1m[35mCOMMIT[0m
  ↳ bin/rails:9
Migrating to CreateArenas (20200405003047)
  [1m[35m (0.2ms)[0m  [1m[35mBEGIN[0m
  ↳ bin/rails:9
  [1m[35m (7.9ms)[0m  [1m[35mCREATE TABLE "arenas" ("id" bigserial primary key, "address" character varying NOT NULL, "city" character varying NOT NULL, "gm_id" integer NOT NULL, "description" text NOT NULL, "price" integer NOT NULL, "lat" float NOT NULL, "long" float NOT NULL, "created_at" timestamp NOT NULL, "updated_at" timestamp NOT NULL)[0m
  ↳ db/migrate/20200405003047_create_arenas.rb:3
  [1m[35m (0.9ms)[0m  [1m[35mCREATE  INDEX  "index_arenas_on_address" ON "arenas"  ("address")[0m
  ↳ db/migrate/20200405003047_create_arenas.rb:15
  [1m[35m (1.2ms)[0m  [1m[35mCREATE  INDEX  "index_arenas_on_gm_id" ON "arenas"  ("gm_id")[0m
  ↳ db/migrate/20200405003047_create_arenas.rb:16
  [1m[36mActiveRecord::SchemaMigration Create (0.3ms)[0m  [1m[32mINSERT INTO "schema_migrations" ("version") VALUES ($1) RETURNING "version"[0m  [["version", "20200405003047"]]
  ↳ bin/rails:9
  [1m[35m (0.3ms)[0m  [1m[35mCOMMIT[0m
  ↳ bin/rails:9
Migrating to CreateBookings (20200405004219)
  [1m[35m (0.2ms)[0m  [1m[35mBEGIN[0m
  ↳ bin/rails:9
  [1m[35m (4.5ms)[0m  [1m[35mCREATE TABLE "bookings" ("id" bigserial primary key, "hooper_id" integer NOT NULL, "arena_id" integer NOT NULL, "date" timestamp NOT NULL, "start_time" timestamp NOT NULL, "end_time" timestamp NOT NULL, "created_at" timestamp NOT NULL, "updated_at" timestamp NOT NULL)[0m
  ↳ db/migrate/20200405004219_create_bookings.rb:3
  [1m[35m (1.1ms)[0m  [1m[35mCREATE UNIQUE INDEX  "index_bookings_on_hooper_id_and_arena_id" ON "bookings"  ("hooper_id", "arena_id")[0m
  ↳ db/migrate/20200405004219_create_bookings.rb:13
  [1m[36mActiveRecord::SchemaMigration Create (0.3ms)[0m  [1m[32mINSERT INTO "schema_migrations" ("version") VALUES ($1) RETURNING "version"[0m  [["version", "20200405004219"]]
  ↳ bin/rails:9
  [1m[35m (0.4ms)[0m  [1m[35mCOMMIT[0m
  ↳ bin/rails:9
Migrating to CreateReviews (20200405004601)
  [1m[35m (0.2ms)[0m  [1m[35mBEGIN[0m
  ↳ bin/rails:9
  [1m[35m (4.7ms)[0m  [1m[35mCREATE TABLE "reviews" ("id" bigserial primary key, "author_id" integer NOT NULL, "arena_id" integer NOT NULL, "rating" integer NOT NULL, "body" text NOT NULL, "created_at" timestamp NOT NULL, "updated_at" timestamp NOT NULL)[0m
  ↳ db/migrate/20200405004601_create_reviews.rb:3
  [1m[35m (0.8ms)[0m  [1m[35mCREATE UNIQUE INDEX  "index_reviews_on_author_id" ON "reviews"  ("author_id")[0m
  ↳ db/migrate/20200405004601_create_reviews.rb:12
  [1m[35m (2.3ms)[0m  [1m[31mROLLBACK[0m
  ↳ bin/rails:9
  [1m[35m (0.4ms)[0m  [1m[34mSELECT pg_advisory_unlock(1665509381006084145)[0m
  ↳ bin/rails:9
  [1m[35m (0.2ms)[0m  [1m[34mSELECT pg_try_advisory_lock(1665509381006084145)[0m
  ↳ bin/rails:9
  [1m[35m (1.4ms)[0m  [1m[34mSELECT "schema_migrations"."version" FROM "schema_migrations" ORDER BY "schema_migrations"."version" ASC[0m
  ↳ bin/rails:9
Migrating to CreateReviews (20200405004601)
  [1m[35m (0.1ms)[0m  [1m[35mBEGIN[0m
  ↳ bin/rails:9
  [1m[35m (9.2ms)[0m  [1m[35mCREATE TABLE "reviews" ("id" bigserial primary key, "author_id" integer NOT NULL, "arena_id" integer NOT NULL, "rating" integer NOT NULL, "body" text NOT NULL, "created_at" timestamp NOT NULL, "updated_at" timestamp NOT NULL)[0m
  ↳ db/migrate/20200405004601_create_reviews.rb:3
  [1m[35m (0.9ms)[0m  [1m[35mCREATE UNIQUE INDEX  "index_reviews_on_author_id" ON "reviews"  ("author_id")[0m
  ↳ db/migrate/20200405004601_create_reviews.rb:12
  [1m[35m (1.2ms)[0m  [1m[35mCREATE UNIQUE INDEX  "index_reviews_on_arena_id" ON "reviews"  ("arena_id")[0m
  ↳ db/migrate/20200405004601_create_reviews.rb:13
  [1m[36mActiveRecord::SchemaMigration Create (0.4ms)[0m  [1m[32mINSERT INTO "schema_migrations" ("version") VALUES ($1) RETURNING "version"[0m  [["version", "20200405004601"]]
  ↳ bin/rails:9
  [1m[35m (0.4ms)[0m  [1m[35mCOMMIT[0m
  ↳ bin/rails:9
  [1m[36mActiveRecord::InternalMetadata Load (0.8ms)[0m  [1m[34mSELECT  "ar_internal_metadata".* FROM "ar_internal_metadata" WHERE "ar_internal_metadata"."key" = $1 LIMIT $2[0m  [["key", "environment"], ["LIMIT", 1]]
  ↳ bin/rails:9
  [1m[35m (0.2ms)[0m  [1m[35mBEGIN[0m
  ↳ bin/rails:9
  [1m[36mActiveRecord::InternalMetadata Create (3.3ms)[0m  [1m[32mINSERT INTO "ar_internal_metadata" ("key", "value", "created_at", "updated_at") VALUES ($1, $2, $3, $4) RETURNING "key"[0m  [["key", "environment"], ["value", "development"], ["created_at", "2020-04-06 18:40:08.617960"], ["updated_at", "2020-04-06 18:40:08.617960"]]
  ↳ bin/rails:9
  [1m[35m (0.4ms)[0m  [1m[35mCOMMIT[0m
  ↳ bin/rails:9
  [1m[35m (0.3ms)[0m  [1m[34mSELECT pg_advisory_unlock(1665509381006084145)[0m
  ↳ bin/rails:9
  [1m[35m (0.4ms)[0m  [1m[34mSELECT "schema_migrations"."version" FROM "schema_migrations" ORDER BY "schema_migrations"."version" ASC[0m
  ↳ bin/rails:9
  [1m[35m (0.1ms)[0m  [1m[34mSELECT pg_try_advisory_lock(1665509381006084145)[0m
  ↳ bin/rails:9
  [1m[35m (0.7ms)[0m  [1m[34mSELECT "schema_migrations"."version" FROM "schema_migrations" ORDER BY "schema_migrations"."version" ASC[0m
  ↳ bin/rails:9
  [1m[36mActiveRecord::InternalMetadata Load (3.4ms)[0m  [1m[34mSELECT  "ar_internal_metadata".* FROM "ar_internal_metadata" WHERE "ar_internal_metadata"."key" = $1 LIMIT $2[0m  [["key", "environment"], ["LIMIT", 1]]
  ↳ bin/rails:9
  [1m[35m (0.1ms)[0m  [1m[35mBEGIN[0m
  ↳ bin/rails:9
  [1m[35m (0.1ms)[0m  [1m[35mCOMMIT[0m
  ↳ bin/rails:9
  [1m[35m (0.2ms)[0m  [1m[34mSELECT pg_advisory_unlock(1665509381006084145)[0m
  ↳ bin/rails:9
  [1m[35m (0.2ms)[0m  [1m[34mSELECT "schema_migrations"."version" FROM "schema_migrations" ORDER BY "schema_migrations"."version" ASC[0m
  ↳ bin/rails:9
Started GET "/" for ::1 at 2020-04-06 15:10:19 -0400
  [1m[35m (0.9ms)[0m  [1m[34mSELECT "schema_migrations"."version" FROM "schema_migrations" ORDER BY "schema_migrations"."version" ASC[0m
  ↳ /Users/haejunchung/.rbenv/versions/2.5.1/lib/ruby/gems/2.5.0/gems/activerecord-5.2.4.2/lib/active_record/log_subscriber.rb:98
Processing by Rails::WelcomeController#index as HTML
  Rendering /Users/haejunchung/.rbenv/versions/2.5.1/lib/ruby/gems/2.5.0/gems/railties-5.2.4.2/lib/rails/templates/rails/welcome/index.html.erb
  Rendered /Users/haejunchung/.rbenv/versions/2.5.1/lib/ruby/gems/2.5.0/gems/railties-5.2.4.2/lib/rails/templates/rails/welcome/index.html.erb (4.8ms)
Completed 200 OK in 24ms (Views: 17.8ms | ActiveRecord: 0.0ms)


Started GET "/users/new" for ::1 at 2020-04-06 15:10:26 -0400
  
ActionController::RoutingError (No route matches [GET] "/users/new"):
  
actionpack (5.2.4.2) lib/action_dispatch/middleware/debug_exceptions.rb:65:in `call'
web-console (3.7.0) lib/web_console/middleware.rb:135:in `call_app'
web-console (3.7.0) lib/web_console/middleware.rb:30:in `block in call'
web-console (3.7.0) lib/web_console/middleware.rb:20:in `catch'
web-console (3.7.0) lib/web_console/middleware.rb:20:in `call'
actionpack (5.2.4.2) lib/action_dispatch/middleware/show_exceptions.rb:33:in `call'
railties (5.2.4.2) lib/rails/rack/logger.rb:38:in `call_app'
railties (5.2.4.2) lib/rails/rack/logger.rb:26:in `block in call'
activesupport (5.2.4.2) lib/active_support/tagged_logging.rb:71:in `block in tagged'
activesupport (5.2.4.2) lib/active_support/tagged_logging.rb:28:in `tagged'
activesupport (5.2.4.2) lib/active_support/tagged_logging.rb:71:in `tagged'
railties (5.2.4.2) lib/rails/rack/logger.rb:26:in `call'
sprockets-rails (3.2.1) lib/sprockets/rails/quiet_assets.rb:13:in `call'
actionpack (5.2.4.2) lib/action_dispatch/middleware/remote_ip.rb:81:in `call'
actionpack (5.2.4.2) lib/action_dispatch/middleware/request_id.rb:27:in `call'
rack (2.2.2) lib/rack/method_override.rb:24:in `call'
rack (2.2.2) lib/rack/runtime.rb:22:in `call'
activesupport (5.2.4.2) lib/active_support/cache/strategy/local_cache_middleware.rb:29:in `call'
actionpack (5.2.4.2) lib/action_dispatch/middleware/executor.rb:14:in `call'
actionpack (5.2.4.2) lib/action_dispatch/middleware/static.rb:127:in `call'
rack (2.2.2) lib/rack/sendfile.rb:110:in `call'
railties (5.2.4.2) lib/rails/engine.rb:524:in `call'
puma (3.12.4) lib/puma/configuration.rb:227:in `call'
puma (3.12.4) lib/puma/server.rb:675:in `handle_request'
puma (3.12.4) lib/puma/server.rb:476:in `process_client'
puma (3.12.4) lib/puma/server.rb:334:in `block in run'
puma (3.12.4) lib/puma/thread_pool.rb:135:in `block in spawn_thread'
Started GET "/" for ::1 at 2020-04-06 15:42:07 -0400
Processing by Rails::WelcomeController#index as HTML
  Rendering /Users/haejunchung/.rbenv/versions/2.5.1/lib/ruby/gems/2.5.0/gems/railties-5.2.4.2/lib/rails/templates/rails/welcome/index.html.erb
  Rendered /Users/haejunchung/.rbenv/versions/2.5.1/lib/ruby/gems/2.5.0/gems/railties-5.2.4.2/lib/rails/templates/rails/welcome/index.html.erb (2.1ms)
Completed 200 OK in 11ms (Views: 5.3ms | ActiveRecord: 0.0ms)


Started GET "/" for ::1 at 2020-04-06 15:44:55 -0400
Processing by Rails::WelcomeController#index as HTML
  Rendering /Users/haejunchung/.rbenv/versions/2.5.1/lib/ruby/gems/2.5.0/gems/railties-5.2.4.2/lib/rails/templates/rails/welcome/index.html.erb
  Rendered /Users/haejunchung/.rbenv/versions/2.5.1/lib/ruby/gems/2.5.0/gems/railties-5.2.4.2/lib/rails/templates/rails/welcome/index.html.erb (1.9ms)
Completed 200 OK in 9ms (Views: 5.2ms | ActiveRecord: 0.0ms)


Started GET "/" for ::1 at 2020-04-06 15:47:35 -0400
  [1m[35m (1.0ms)[0m  [1m[34mSELECT "schema_migrations"."version" FROM "schema_migrations" ORDER BY "schema_migrations"."version" ASC[0m
  ↳ /Users/haejunchung/.rbenv/versions/2.5.1/lib/ruby/gems/2.5.0/gems/activerecord-5.2.4.2/lib/active_record/log_subscriber.rb:98
Processing by Rails::WelcomeController#index as HTML
  Rendering /Users/haejunchung/.rbenv/versions/2.5.1/lib/ruby/gems/2.5.0/gems/railties-5.2.4.2/lib/rails/templates/rails/welcome/index.html.erb
  Rendered /Users/haejunchung/.rbenv/versions/2.5.1/lib/ruby/gems/2.5.0/gems/railties-5.2.4.2/lib/rails/templates/rails/welcome/index.html.erb (2.6ms)
Completed 200 OK in 12ms (Views: 8.3ms | ActiveRecord: 0.0ms)


Started GET "/" for ::1 at 2020-04-06 15:48:19 -0400
Processing by Rails::WelcomeController#index as HTML
  Rendering /Users/haejunchung/.rbenv/versions/2.5.1/lib/ruby/gems/2.5.0/gems/railties-5.2.4.2/lib/rails/templates/rails/welcome/index.html.erb
  Rendered /Users/haejunchung/.rbenv/versions/2.5.1/lib/ruby/gems/2.5.0/gems/railties-5.2.4.2/lib/rails/templates/rails/welcome/index.html.erb (1.9ms)
Completed 200 OK in 10ms (Views: 6.0ms | ActiveRecord: 0.0ms)


Started GET "/" for ::1 at 2020-04-06 15:52:54 -0400
Processing by Rails::WelcomeController#index as HTML
  Rendering /Users/haejunchung/.rbenv/versions/2.5.1/lib/ruby/gems/2.5.0/gems/railties-5.2.4.2/lib/rails/templates/rails/welcome/index.html.erb
  Rendered /Users/haejunchung/.rbenv/versions/2.5.1/lib/ruby/gems/2.5.0/gems/railties-5.2.4.2/lib/rails/templates/rails/welcome/index.html.erb (2.1ms)
Completed 200 OK in 11ms (Views: 5.8ms | ActiveRecord: 0.0ms)


Started GET "/" for ::1 at 2020-04-06 16:19:45 -0400
Processing by Rails::WelcomeController#index as HTML
  Rendering /Users/haejunchung/.rbenv/versions/2.5.1/lib/ruby/gems/2.5.0/gems/railties-5.2.4.2/lib/rails/templates/rails/welcome/index.html.erb
  Rendered /Users/haejunchung/.rbenv/versions/2.5.1/lib/ruby/gems/2.5.0/gems/railties-5.2.4.2/lib/rails/templates/rails/welcome/index.html.erb (2.5ms)
Completed 200 OK in 11ms (Views: 6.1ms | ActiveRecord: 0.0ms)


Started GET "/" for ::1 at 2020-04-06 16:24:41 -0400
  [1m[35m (0.7ms)[0m  [1m[34mSELECT "schema_migrations"."version" FROM "schema_migrations" ORDER BY "schema_migrations"."version" ASC[0m
  ↳ /Users/haejunchung/.rbenv/versions/2.5.1/lib/ruby/gems/2.5.0/gems/activerecord-5.2.4.2/lib/active_record/log_subscriber.rb:98

ArgumentError - Before process_action callback :verify_authenticty_token has not been defined:
  app/controllers/application_controller.rb:2:in `<class:ApplicationController>'
  app/controllers/application_controller.rb:1:in `<top (required)>'
  app/controllers/static_pages_controller.rb:1:in `<top (required)>'

Started POST "/__better_errors/a65ec79d849b56c2/variables" for ::1 at 2020-04-06 16:24:41 -0400
Started GET "/" for ::1 at 2020-04-06 16:24:43 -0400

ArgumentError - Before process_action callback :verify_authenticty_token has not been defined:
  app/controllers/application_controller.rb:2:in `<class:ApplicationController>'
  app/controllers/application_controller.rb:1:in `<top (required)>'
  app/controllers/static_pages_controller.rb:1:in `<top (required)>'

Started POST "/__better_errors/1100baa2f06a98c2/variables" for ::1 at 2020-04-06 16:24:43 -0400
Started GET "/" for ::1 at 2020-04-06 16:48:10 -0400

ArgumentError - Before process_action callback :verify_authenticty_token has not been defined:
  app/controllers/application_controller.rb:2:in `<class:ApplicationController>'
  app/controllers/application_controller.rb:1:in `<top (required)>'
  app/controllers/static_pages_controller.rb:1:in `<top (required)>'

Started POST "/__better_errors/963413d7efbc3d85/variables" for ::1 at 2020-04-06 16:48:10 -0400
Started GET "/" for ::1 at 2020-04-06 16:48:49 -0400
  [1m[35m (0.8ms)[0m  [1m[34mSELECT "schema_migrations"."version" FROM "schema_migrations" ORDER BY "schema_migrations"."version" ASC[0m
  ↳ /Users/haejunchung/.rbenv/versions/2.5.1/lib/ruby/gems/2.5.0/gems/activerecord-5.2.4.2/lib/active_record/log_subscriber.rb:98

LoadError - Unable to autoload constant StaticPagesController, expected /Users/haejunchung/Desktop/fullstack_hoopsbnb/hoopsbnb/app/controllers/static_pages_controller.rb to define it:

Started POST "/__better_errors/9a29e2f5730af67e/variables" for ::1 at 2020-04-06 16:48:50 -0400
Started GET "/" for ::1 at 2020-04-06 16:50:19 -0400
Processing by StaticPagesController#root as HTML
  Rendering static_pages/root.html.erb within layouts/application
  Rendered static_pages/root.html.erb within layouts/application (1.5ms)
Completed 200 OK in 1877ms (Views: 1873.3ms | ActiveRecord: 0.0ms)


